<?xml version="1.0" encoding="UTF-8"?>
<testng-results skipped="0" failed="0" total="3" passed="3">
  <reporter-output>
  </reporter-output>
  <suite name="Default suite" duration-ms="19808" started-at="2019-07-17T06:16:39Z" finished-at="2019-07-17T06:16:59Z">
    <groups>
    </groups>
    <test name="Default test" duration-ms="19808" started-at="2019-07-17T06:16:39Z" finished-at="2019-07-17T06:16:59Z">
      <class name="selenium_chrome.casestudy">
        <test-method status="PASS" signature="configure()[pri:0, instance:selenium_chrome.casestudy@3cb5cdba]" name="configure" is-config="true" duration-ms="7965" started-at="2019-07-17T11:46:39Z" finished-at="2019-07-17T11:46:47Z">
          <reporter-output>
          </reporter-output>
        </test-method> <!-- configure -->
        <test-method status="PASS" signature="register()[pri:0, instance:selenium_chrome.casestudy@3cb5cdba]" name="register" duration-ms="3913" started-at="2019-07-17T11:46:47Z" finished-at="2019-07-17T11:46:51Z">
          <reporter-output>
          </reporter-output>
        </test-method> <!-- register -->
        <test-method status="PASS" signature="getResult(org.testng.ITestResult)[pri:0, instance:selenium_chrome.casestudy@3cb5cdba]" name="getResult" is-config="true" duration-ms="1" started-at="2019-07-17T11:46:51Z" finished-at="2019-07-17T11:46:51Z">
          <params>
            <param index="0">
              <value>
                <![CDATA[[TestResult name=register status=SUCCESS method=casestudy.register()[pri:0, instance:selenium_chrome.casestudy@3cb5cdba] output={null}]]]>
              </value>
            </param>
          </params>
          <reporter-output>
          </reporter-output>
        </test-method> <!-- getResult -->
        <test-method status="PASS" signature="testLogin()[pri:0, instance:selenium_chrome.casestudy@3cb5cdba]" name="testLogin" duration-ms="578" started-at="2019-07-17T11:46:51Z" finished-at="2019-07-17T11:46:51Z">
          <reporter-output>
          </reporter-output>
        </test-method> <!-- testLogin -->
        <test-method status="PASS" signature="getResult(org.testng.ITestResult)[pri:0, instance:selenium_chrome.casestudy@3cb5cdba]" name="getResult" is-config="true" duration-ms="0" started-at="2019-07-17T11:46:51Z" finished-at="2019-07-17T11:46:51Z">
          <params>
            <param index="0">
              <value>
                <![CDATA[[TestResult name=testLogin status=SUCCESS method=casestudy.testLogin()[pri:0, instance:selenium_chrome.casestudy@3cb5cdba] output={null}]]]>
              </value>
            </param>
          </params>
          <reporter-output>
          </reporter-output>
        </test-method> <!-- getResult -->
        <test-method status="PASS" signature="testpayment()[pri:0, instance:selenium_chrome.casestudy@3cb5cdba]" name="testpayment" duration-ms="7323" started-at="2019-07-17T11:46:51Z" finished-at="2019-07-17T11:46:59Z">
          <reporter-output>
          </reporter-output>
        </test-method> <!-- testpayment -->
        <test-method status="PASS" signature="getResult(org.testng.ITestResult)[pri:0, instance:selenium_chrome.casestudy@3cb5cdba]" name="getResult" is-config="true" duration-ms="0" started-at="2019-07-17T11:46:59Z" finished-at="2019-07-17T11:46:59Z">
          <params>
            <param index="0">
              <value>
                <![CDATA[[TestResult name=testpayment status=SUCCESS method=casestudy.testpayment()[pri:0, instance:selenium_chrome.casestudy@3cb5cdba] output={null}]]]>
              </value>
            </param>
          </params>
          <reporter-output>
          </reporter-output>
        </test-method> <!-- getResult -->
        <test-method status="PASS" signature="endReport()[pri:0, instance:selenium_chrome.casestudy@3cb5cdba]" name="endReport" is-config="true" duration-ms="10" started-at="2019-07-17T11:46:59Z" finished-at="2019-07-17T11:46:59Z">
          <reporter-output>
          </reporter-output>
        </test-method> <!-- endReport -->
      </class> <!-- selenium_chrome.casestudy -->
    </test> <!-- Default test -->
  </suite> <!-- Default suite -->
</testng-results>
